#
# There is insufficient memory for the Java Runtime Environment to continue.
# Native memory allocation (malloc) failed to allocate 32744 bytes for ChunkPool::allocate
# Possible reasons:
#   The system is out of physical RAM or swap space
#   The process is running with CompressedOops enabled, and the Java Heap may be blocking the growth of the native heap
# Possible solutions:
#   Reduce memory load on the system
#   Increase physical memory or swap space
#   Check if swap backing store is full
#   Decrease Java heap size (-Xmx/-Xms)
#   Decrease number of Java threads
#   Decrease Java thread stack sizes (-Xss)
#   Set larger code cache with -XX:ReservedCodeCacheSize=
#   JVM is running with Unscaled Compressed Oops mode in which the Java heap is
#     placed in the first 4GB address space. The Java Heap base address is the
#     maximum limit for the native heap growth. Please use -XX:HeapBaseMinAddress
#     to set the Java Heap base and to place the Java Heap above 4GB virtual address.
# This output file may be truncated or incomplete.
#
#  Out of Memory Error (allocation.cpp:272), pid=14472, tid=0x0000000000002b9c
#
# JRE version: OpenJDK Runtime Environment (8.0_282-b08) (build 1.8.0_282-b08)
# Java VM: OpenJDK 64-Bit Server VM (25.282-b08 mixed mode windows-amd64 compressed oops)
# Failed to write core dump. Minidumps are not enabled by default on client versions of Windows
#

---------------  T H R E A D  ---------------

Current thread (0x00000000174c6800):  JavaThread "C1 CompilerThread2" daemon [_thread_in_native, id=11164, stack(0x0000000018d00000,0x0000000018e00000)]

Stack: [0x0000000018d00000,0x0000000018e00000]
[error occurred during error reporting (printing stack bounds), id 0xc0000005]

Native frames: (J=compiled Java code, j=interpreted, Vv=VM code, C=native code)


Current CompileTask:
C1:  12099  616       3       sun.nio.cs.UTF_8$Decoder::decodeArrayLoop (691 bytes)


---------------  P R O C E S S  ---------------

Java Threads: ( => current thread )
  0x0000000018e41000 JavaThread "Service Thread" daemon [_thread_blocked, id=2836, stack(0x0000000019200000,0x0000000019300000)]
=>0x00000000174c6800 JavaThread "C1 CompilerThread2" daemon [_thread_in_native, id=11164, stack(0x0000000018d00000,0x0000000018e00000)]
  0x00000000174bd800 JavaThread "C2 CompilerThread1" daemon [_thread_blocked, id=12724, stack(0x0000000018c00000,0x0000000018d00000)]
  0x00000000174b9800 JavaThread "C2 CompilerThread0" daemon [_thread_blocked, id=11328, stack(0x0000000018b00000,0x0000000018c00000)]
  0x00000000174b8000 JavaThread "Attach Listener" daemon [_thread_blocked, id=9868, stack(0x0000000018a00000,0x0000000018b00000)]
  0x00000000174b7000 JavaThread "Signal Dispatcher" daemon [_thread_blocked, id=14784, stack(0x0000000018900000,0x0000000018a00000)]
  0x0000000002948000 JavaThread "Finalizer" daemon [_thread_blocked, id=17764, stack(0x0000000018700000,0x0000000018800000)]
  0x0000000017499000 JavaThread "Reference Handler" daemon [_thread_blocked, id=11524, stack(0x0000000018600000,0x0000000018700000)]
  0x0000000002853800 JavaThread "main" [_thread_in_Java, id=1200, stack(0x0000000002750000,0x0000000002850000)]

Other Threads:
  0x0000000017478000 VMThread [stack: 0x0000000018500000,0x0000000018600000] [id=16636]
  0x000000001750a000 WatcherThread [stack: 0x0000000019300000,0x0000000019400000] [id=16012]

VM state:not at safepoint (normal execution)

VM Mutex/Monitor currently owned by a thread: None

heap address: 0x0000000081600000, size: 2026 MB, Compressed Oops mode: 32-bit
Narrow klass base: 0x0000000000000000, Narrow klass shift: 3
Compressed class space size: 1073741824 Address: 0x0000000100000000

Heap:
 PSYoungGen      total 38400K, used 24682K [0x00000000d5d00000, 0x00000000d8780000, 0x0000000100000000)
  eden space 33280K, 74% used [0x00000000d5d00000,0x00000000d751abb8,0x00000000d7d80000)
  from space 5120K, 0% used [0x00000000d8280000,0x00000000d8280000,0x00000000d8780000)
  to   space 5120K, 0% used [0x00000000d7d80000,0x00000000d7d80000,0x00000000d8280000)
 ParOldGen       total 87552K, used 0K [0x0000000081600000, 0x0000000086b80000, 0x00000000d5d00000)
  object space 87552K, 0% used [0x0000000081600000,0x0000000081600000,0x0000000086b80000)
 Metaspace       used 8645K, capacity 8876K, committed 9088K, reserved 1056768K
  class space    used 1009K, capacity 1088K, committed 1152K, reserved 1048576K

Card table byte_map: [0x0000000011d10000,0x0000000012110000] byte_map_base: 0x0000000011905000

Marking Bits: (ParMarkBitMap*) 0x0000000063823420
 Begin Bits: [0x00000000127c0000, 0x0000000014768000)
 End Bits:   [0x0000000014768000, 0x0000000016710000)

Polling page: 0x0000000000b10000

CodeCache: size=245760Kb used=2743Kb max_used=2743Kb free=243016Kb
 bounds [0x0000000002950000, 0x0000000002c00000, 0x0000000011950000]
 total_blobs=944 nmethods=610 adapters=247
 compilation: enabled

Compilation events (10 events):
Event: 12.088 Thread 0x00000000174c6800 nmethod 606 0x0000000002bfefd0 code [0x0000000002bff120, 0x0000000002bff230]
Event: 12.088 Thread 0x00000000174c6800  607       3       java.nio.Buffer::position (40 bytes)
Event: 12.089 Thread 0x00000000174c6800 nmethod 607 0x0000000002bfead0 code [0x0000000002bfec40, 0x0000000002bfef08]
Event: 12.089 Thread 0x00000000174c6800  608       3       java.nio.ByteBuffer::arrayOffset (35 bytes)
Event: 12.089 Thread 0x00000000174c6800 nmethod 608 0x0000000002bfe4d0 code [0x0000000002bfe660, 0x0000000002bfe978]
Event: 12.091 Thread 0x00000000174c6800  609       3       java.nio.CharBuffer::arrayOffset (35 bytes)
Event: 12.091 Thread 0x00000000174c6800 nmethod 609 0x0000000002bfded0 code [0x0000000002bfe060, 0x0000000002bfe378]
Event: 12.091 Thread 0x00000000174c6800  610   !   3       sun.nio.cs.StreamDecoder::read (196 bytes)
Event: 12.093 Thread 0x00000000174c6800 nmethod 610 0x0000000002bfc8d0 code [0x0000000002bfcae0, 0x0000000002bfd7e8]
Event: 12.093 Thread 0x00000000174c6800  616       3       sun.nio.cs.UTF_8$Decoder::decodeArrayLoop (691 bytes)

GC Heap History (0 events):
No events

Deoptimization events (0 events):
No events

Classes redefined (0 events):
No events

Internal exceptions (9 events):
Event: 0.529 Thread 0x0000000002853800 Exception <a 'java/lang/NoSuchMethodError': Method sun.misc.Unsafe.defineClass(Ljava/lang/String;[BII)Ljava/lang/Class; name or signature does not match> (0x00000000d5d07cc0) thrown at [C:\cygwin64\tmp\build\source\java-1.8.0-openjdk\tmp\jdk8u\hotspot\src
Event: 0.530 Thread 0x0000000002853800 Exception <a 'java/lang/NoSuchMethodError': Method sun.misc.Unsafe.prefetchRead(Ljava/lang/Object;J)V name or signature does not match> (0x00000000d5d07fa8) thrown at [C:\cygwin64\tmp\build\source\java-1.8.0-openjdk\tmp\jdk8u\hotspot\src\share\vm\prims\jn
Event: 0.992 Thread 0x0000000002853800 Exception <a 'java/security/PrivilegedActionException'> (0x00000000d5d910a0) thrown at [C:\cygwin64\tmp\build\source\java-1.8.0-openjdk\tmp\jdk8u\hotspot\src\share\vm\prims\jvm.cpp, line 1523]
Event: 0.992 Thread 0x0000000002853800 Exception <a 'java/security/PrivilegedActionException'> (0x00000000d5d912b0) thrown at [C:\cygwin64\tmp\build\source\java-1.8.0-openjdk\tmp\jdk8u\hotspot\src\share\vm\prims\jvm.cpp, line 1523]
Event: 0.996 Thread 0x0000000002853800 Exception <a 'java/security/PrivilegedActionException'> (0x00000000d5d95700) thrown at [C:\cygwin64\tmp\build\source\java-1.8.0-openjdk\tmp\jdk8u\hotspot\src\share\vm\prims\jvm.cpp, line 1523]
Event: 0.996 Thread 0x0000000002853800 Exception <a 'java/security/PrivilegedActionException'> (0x00000000d5d95910) thrown at [C:\cygwin64\tmp\build\source\java-1.8.0-openjdk\tmp\jdk8u\hotspot\src\share\vm\prims\jvm.cpp, line 1523]
Event: 11.952 Thread 0x0000000002853800 Exception <a 'java/lang/ArrayIndexOutOfBoundsException'> (0x00000000d73be498) thrown at [C:\cygwin64\tmp\build\source\java-1.8.0-openjdk\tmp\jdk8u\hotspot\src\share\vm\runtime\sharedRuntime.cpp, line 605]
Event: 11.962 Thread 0x0000000002853800 Exception <a 'java/lang/ArrayIndexOutOfBoundsException'> (0x00000000d73dc7f8) thrown at [C:\cygwin64\tmp\build\source\java-1.8.0-openjdk\tmp\jdk8u\hotspot\src\share\vm\runtime\sharedRuntime.cpp, line 605]
Event: 11.998 Thread 0x0000000002853800 Exception <a 'java/lang/ArrayIndexOutOfBoundsException'> (0x00000000d74227a8) thrown at [C:\cygwin64\tmp\build\source\java-1.8.0-openjdk\tmp\jdk8u\hotspot\src\share\vm\runtime\sharedRuntime.cpp, line 605]

Events (10 events):
Event: 12.072 loading class org/eclipse/sisu/plexus/PlexusTypeRegistry
Event: 12.072 loading class org/eclipse/sisu/plexus/PlexusTypeRegistry done
Event: 12.075 loading class org/codehaus/plexus/component/annotations/Component
Event: 12.075 loading class org/codehaus/plexus/component/annotations/Component done
Event: 12.076 loading class org/eclipse/sisu/plexus/ComponentImpl
Event: 12.076 loading class org/eclipse/sisu/plexus/ComponentImpl done
Event: 12.078 loading class org/eclipse/sisu/space/Streams
Event: 12.078 loading class org/eclipse/sisu/space/Streams done
Event: 12.087 Thread 0x0000000002853800 DEOPT PACKING pc=0x0000000002aae89a sp=0x000000000284d0c0
Event: 12.087 Thread 0x0000000002853800 DEOPT UNPACKING pc=0x00000000029975d0 sp=0x000000000284cf40 mode 0


Dynamic libraries:
0x00007ff713410000 - 0x00007ff713445000 	C:\Program Files\OpenJDK\openjdk-8u282-b08\bin\java.exe
0x00007ffc65140000 - 0x00007ffc65330000 	C:\WINDOWS\SYSTEM32\ntdll.dll
0x00007ffc639a0000 - 0x00007ffc63a52000 	C:\WINDOWS\System32\KERNEL32.DLL
0x00007ffc62bf0000 - 0x00007ffc62e95000 	C:\WINDOWS\System32\KERNELBASE.dll
0x00007ffc64af0000 - 0x00007ffc64b93000 	C:\WINDOWS\System32\ADVAPI32.dll
0x00007ffc64e30000 - 0x00007ffc64ece000 	C:\WINDOWS\System32\msvcrt.dll
0x00007ffc64c00000 - 0x00007ffc64c97000 	C:\WINDOWS\System32\sechost.dll
0x00007ffc632e0000 - 0x00007ffc63400000 	C:\WINDOWS\System32\RPCRT4.dll
0x00007ffc63520000 - 0x00007ffc636b4000 	C:\WINDOWS\System32\USER32.dll
0x00007ffc62ed0000 - 0x00007ffc62ef1000 	C:\WINDOWS\System32\win32u.dll
0x00007ffc63740000 - 0x00007ffc63766000 	C:\WINDOWS\System32\GDI32.dll
0x00007ffc620d0000 - 0x00007ffc62266000 	C:\WINDOWS\System32\gdi32full.dll
0x00007ffc63000000 - 0x00007ffc6309e000 	C:\WINDOWS\System32\msvcp_win.dll
0x00007ffc62f00000 - 0x00007ffc62ffa000 	C:\WINDOWS\System32\ucrtbase.dll
0x00007ffc47bc0000 - 0x00007ffc47e44000 	C:\WINDOWS\WinSxS\amd64_microsoft.windows.common-controls_6595b64144ccf1df_6.0.18362.1256_none_9e7e379be45e40e2\COMCTL32.dll
0x00007ffc647b0000 - 0x00007ffc64ae6000 	C:\WINDOWS\System32\combase.dll
0x00007ffc622d0000 - 0x00007ffc62351000 	C:\WINDOWS\System32\bcryptPrimitives.dll
0x00007ffc632b0000 - 0x00007ffc632de000 	C:\WINDOWS\System32\IMM32.DLL
0x00000000638b0000 - 0x0000000063982000 	C:\Program Files\OpenJDK\openjdk-8u282-b08\jre\bin\msvcr100.dll
0x0000000063010000 - 0x00000000638a5000 	C:\Program Files\OpenJDK\openjdk-8u282-b08\jre\bin\server\jvm.dll
0x00007ffc64ca0000 - 0x00007ffc64ca8000 	C:\WINDOWS\System32\PSAPI.DLL
0x00007ffc53d80000 - 0x00007ffc53d89000 	C:\WINDOWS\SYSTEM32\WSOCK32.dll
0x00007ffc5e6b0000 - 0x00007ffc5e6d4000 	C:\WINDOWS\SYSTEM32\WINMM.dll
0x00007ffc64740000 - 0x00007ffc647af000 	C:\WINDOWS\System32\WS2_32.dll
0x00007ffc565c0000 - 0x00007ffc565ca000 	C:\WINDOWS\SYSTEM32\VERSION.dll
0x00007ffc5e680000 - 0x00007ffc5e6ad000 	C:\WINDOWS\SYSTEM32\WINMMBASE.dll
0x00007ffc62360000 - 0x00007ffc623aa000 	C:\WINDOWS\System32\cfgmgr32.dll
0x00007ffc59470000 - 0x00007ffc5947f000 	C:\Program Files\OpenJDK\openjdk-8u282-b08\jre\bin\verify.dll
0x00007ffc46190000 - 0x00007ffc461b9000 	C:\Program Files\OpenJDK\openjdk-8u282-b08\jre\bin\java.dll
0x00007ffc55dc0000 - 0x00007ffc55dd6000 	C:\Program Files\OpenJDK\openjdk-8u282-b08\jre\bin\zip.dll
0x00007ffc63a60000 - 0x00007ffc64147000 	C:\WINDOWS\System32\SHELL32.dll
0x00007ffc63400000 - 0x00007ffc634a9000 	C:\WINDOWS\System32\shcore.dll
0x00007ffc62460000 - 0x00007ffc62be1000 	C:\WINDOWS\System32\windows.storage.dll
0x00007ffc62060000 - 0x00007ffc62083000 	C:\WINDOWS\System32\profapi.dll
0x00007ffc62010000 - 0x00007ffc6205a000 	C:\WINDOWS\System32\powrprof.dll
0x00007ffc61fe0000 - 0x00007ffc61ff0000 	C:\WINDOWS\System32\UMPDC.dll
0x00007ffc64ba0000 - 0x00007ffc64bf2000 	C:\WINDOWS\System32\shlwapi.dll
0x00007ffc62090000 - 0x00007ffc620a1000 	C:\WINDOWS\System32\kernel.appcore.dll
0x00007ffc620b0000 - 0x00007ffc620c7000 	C:\WINDOWS\System32\cryptsp.dll
0x00007ffc61340000 - 0x00007ffc61373000 	C:\WINDOWS\system32\rsaenh.dll
0x00007ffc62ea0000 - 0x00007ffc62ec6000 	C:\WINDOWS\System32\bcrypt.dll
0x00007ffc61ec0000 - 0x00007ffc61ee5000 	C:\WINDOWS\SYSTEM32\USERENV.dll
0x00007ffc61a00000 - 0x00007ffc61a0c000 	C:\WINDOWS\SYSTEM32\CRYPTBASE.dll
0x00007ffc45800000 - 0x00007ffc4581b000 	C:\Program Files\OpenJDK\openjdk-8u282-b08\jre\bin\net.dll
0x00007ffc61830000 - 0x00007ffc61897000 	C:\WINDOWS\system32\mswsock.dll
0x00007ffc61540000 - 0x00007ffc6157a000 	C:\WINDOWS\SYSTEM32\IPHLPAPI.DLL
0x00007ffc64cd0000 - 0x00007ffc64cd8000 	C:\WINDOWS\System32\NSI.dll
0x00007ffc59010000 - 0x00007ffc59026000 	C:\WINDOWS\SYSTEM32\dhcpcsvc6.DLL
0x00007ffc58fa0000 - 0x00007ffc58fbc000 	C:\WINDOWS\SYSTEM32\dhcpcsvc.DLL
0x00007ffc61580000 - 0x00007ffc6164b000 	C:\WINDOWS\SYSTEM32\DNSAPI.dll
0x00007ffc454e0000 - 0x00007ffc454f2000 	C:\Program Files\OpenJDK\openjdk-8u282-b08\jre\bin\nio.dll
0x00007ffc55ba0000 - 0x00007ffc55baa000 	C:\Users\Lucas.L.H.H\AppData\Local\Temp\jansi-1.17.1-5385250333975657289.dll
0x00007ffc46180000 - 0x00007ffc4618a000 	C:\Users\Lucas.L.H.H\AppData\Local\Temp\jansi-1.17.1-1764878913896929721.dll

VM Arguments:
jvm_args: -Dmaven.multiModuleProjectDirectory=c:\Users\Lucas.L.H.H\Documents\GitHub\UOP_SE_Y3-PRCO303SL_COMPUTING_PROJECT\T\ghd-server-app 
java_command: org.apache.maven.wrapper.MavenWrapperMain help:effective-pom -Doutput=c:\Users\Lucas.L.H.H\AppData\Roaming\Code\User\workspaceStorage\283d03cf384abecce92592634ed6dff3\vscjava.vscode-maven\de3bccd196dc0b246651be9c7f6a1823 -f c:\Users\Lucas.L.H.H\Documents\GitHub\UOP_SE_Y3-PRCO303SL_COMPUTING_PROJECT\T\ghd-server-app\pom.xml
java_class_path (initial): c:\Users\Lucas.L.H.H\Documents\GitHub\UOP_SE_Y3-PRCO303SL_COMPUTING_PROJECT\T\ghd-server-app\.mvn\wrapper\maven-wrapper.jar
Launcher Type: SUN_STANDARD

Environment Variables:
JAVA_HOME=C:\Program Files\OpenJDK\openjdk-8u282-b08
USERNAME=Lucas.L.H.H
OS=Windows_NT
PROCESSOR_IDENTIFIER=Intel64 Family 6 Model 69 Stepping 1, GenuineIntel



---------------  S Y S T E M  ---------------

OS: Windows 10.0 , 64 bit Build 18362 (10.0.18362.1110)

CPU:total 4 (initial active 4) (2 cores per cpu, 2 threads per core) family 6 model 69 stepping 1, cmov, cx8, fxsr, mmx, sse, sse2, sse3, ssse3, sse4.1, sse4.2, popcnt, avx, avx2, aes, clmul, erms, lzcnt, ht, tsc, tscinvbit, bmi1, bmi2

Memory: 4k page, physical 8294648k(641468k free), swap 12313532k(5120k free)

vm_info: OpenJDK 64-Bit Server VM (25.282-b08) for windows-amd64 JRE (1.8.0_282-b08), built on Jan 11 2021 12:17:07 by "build" with MS VC++ 10.0 (VS2010)

time: Wed Mar 31 08:27:55 2021
timezone: Sri Lanka Standard Time
elapsed time: 12.108152 seconds (0d 0h 0m 12s)

